<?xml version="1.0" encoding="UTF-8"?>
<testsuite xmlns:xsi="http://www.w3.org/2001/XMLSchema-instance" xsi:noNamespaceSchemaLocation="https://maven.apache.org/surefire/maven-surefire-plugin/xsd/surefire-test-report-3.0.xsd" version="3.0" name="com.revature.service.BankAccountsServiceTest" time="0.629" tests="22" errors="0" skipped="0" failures="0">
  <properties>
    <property name="sun.desktop" value="windows"/>
    <property name="awt.toolkit" value="sun.awt.windows.WToolkit"/>
    <property name="file.encoding.pkg" value="sun.io"/>
    <property name="java.specification.version" value="1.8"/>
    <property name="sun.cpu.isalist" value="amd64"/>
    <property name="sun.jnu.encoding" value="Cp1252"/>
    <property name="java.class.path" value="D:\Curriculum-211018-Jymm\jymm-repository\Project-0\bank-accounts\target\test-classes;D:\Curriculum-211018-Jymm\jymm-repository\Project-0\bank-accounts\target\classes;C:\Users\jymmm\.m2\repository\io\javalin\javalin\4.0.1\javalin-4.0.1.jar;C:\Users\jymmm\.m2\repository\org\slf4j\slf4j-api\1.7.31\slf4j-api-1.7.31.jar;C:\Users\jymmm\.m2\repository\org\eclipse\jetty\jetty-server\9.4.43.v20210629\jetty-server-9.4.43.v20210629.jar;C:\Users\jymmm\.m2\repository\javax\servlet\javax.servlet-api\3.1.0\javax.servlet-api-3.1.0.jar;C:\Users\jymmm\.m2\repository\org\eclipse\jetty\jetty-http\9.4.43.v20210629\jetty-http-9.4.43.v20210629.jar;C:\Users\jymmm\.m2\repository\org\eclipse\jetty\jetty-util\9.4.43.v20210629\jetty-util-9.4.43.v20210629.jar;C:\Users\jymmm\.m2\repository\org\eclipse\jetty\jetty-io\9.4.43.v20210629\jetty-io-9.4.43.v20210629.jar;C:\Users\jymmm\.m2\repository\org\eclipse\jetty\jetty-webapp\9.4.43.v20210629\jetty-webapp-9.4.43.v20210629.jar;C:\Users\jymmm\.m2\repository\org\eclipse\jetty\jetty-xml\9.4.43.v20210629\jetty-xml-9.4.43.v20210629.jar;C:\Users\jymmm\.m2\repository\org\eclipse\jetty\jetty-servlet\9.4.43.v20210629\jetty-servlet-9.4.43.v20210629.jar;C:\Users\jymmm\.m2\repository\org\eclipse\jetty\jetty-security\9.4.43.v20210629\jetty-security-9.4.43.v20210629.jar;C:\Users\jymmm\.m2\repository\org\eclipse\jetty\jetty-util-ajax\9.4.43.v20210629\jetty-util-ajax-9.4.43.v20210629.jar;C:\Users\jymmm\.m2\repository\org\eclipse\jetty\websocket\websocket-server\9.4.43.v20210629\websocket-server-9.4.43.v20210629.jar;C:\Users\jymmm\.m2\repository\org\eclipse\jetty\websocket\websocket-common\9.4.43.v20210629\websocket-common-9.4.43.v20210629.jar;C:\Users\jymmm\.m2\repository\org\eclipse\jetty\websocket\websocket-api\9.4.43.v20210629\websocket-api-9.4.43.v20210629.jar;C:\Users\jymmm\.m2\repository\org\eclipse\jetty\websocket\websocket-client\9.4.43.v20210629\websocket-client-9.4.43.v20210629.jar;C:\Users\jymmm\.m2\repository\org\eclipse\jetty\jetty-client\9.4.43.v20210629\jetty-client-9.4.43.v20210629.jar;C:\Users\jymmm\.m2\repository\org\eclipse\jetty\websocket\websocket-servlet\9.4.43.v20210629\websocket-servlet-9.4.43.v20210629.jar;C:\Users\jymmm\.m2\repository\org\jetbrains\kotlin\kotlin-stdlib-jdk8\1.5.31\kotlin-stdlib-jdk8-1.5.31.jar;C:\Users\jymmm\.m2\repository\org\jetbrains\kotlin\kotlin-stdlib\1.5.31\kotlin-stdlib-1.5.31.jar;C:\Users\jymmm\.m2\repository\org\jetbrains\annotations\13.0\annotations-13.0.jar;C:\Users\jymmm\.m2\repository\org\jetbrains\kotlin\kotlin-stdlib-common\1.5.31\kotlin-stdlib-common-1.5.31.jar;C:\Users\jymmm\.m2\repository\org\jetbrains\kotlin\kotlin-stdlib-jdk7\1.5.31\kotlin-stdlib-jdk7-1.5.31.jar;C:\Users\jymmm\.m2\repository\ch\qos\logback\logback-classic\1.2.6\logback-classic-1.2.6.jar;C:\Users\jymmm\.m2\repository\ch\qos\logback\logback-core\1.2.6\logback-core-1.2.6.jar;C:\Users\jymmm\.m2\repository\org\junit\jupiter\junit-jupiter-api\5.8.1\junit-jupiter-api-5.8.1.jar;C:\Users\jymmm\.m2\repository\org\opentest4j\opentest4j\1.2.0\opentest4j-1.2.0.jar;C:\Users\jymmm\.m2\repository\org\junit\platform\junit-platform-commons\1.8.1\junit-platform-commons-1.8.1.jar;C:\Users\jymmm\.m2\repository\org\apiguardian\apiguardian-api\1.1.2\apiguardian-api-1.1.2.jar;C:\Users\jymmm\.m2\repository\org\postgresql\postgresql\42.2.18\postgresql-42.2.18.jar;C:\Users\jymmm\.m2\repository\org\checkerframework\checker-qual\3.5.0\checker-qual-3.5.0.jar;C:\Users\jymmm\.m2\repository\com\fasterxml\jackson\core\jackson-databind\2.12.4\jackson-databind-2.12.4.jar;C:\Users\jymmm\.m2\repository\com\fasterxml\jackson\core\jackson-annotations\2.12.4\jackson-annotations-2.12.4.jar;C:\Users\jymmm\.m2\repository\com\fasterxml\jackson\core\jackson-core\2.12.4\jackson-core-2.12.4.jar;C:\Users\jymmm\.m2\repository\org\mockito\mockito-core\4.0.0\mockito-core-4.0.0.jar;C:\Users\jymmm\.m2\repository\net\bytebuddy\byte-buddy\1.11.19\byte-buddy-1.11.19.jar;C:\Users\jymmm\.m2\repository\net\bytebuddy\byte-buddy-agent\1.11.19\byte-buddy-agent-1.11.19.jar;C:\Users\jymmm\.m2\repository\org\objenesis\objenesis\3.2\objenesis-3.2.jar;"/>
    <property name="java.vm.vendor" value="Oracle Corporation"/>
    <property name="sun.arch.data.model" value="64"/>
    <property name="user.variant" value=""/>
    <property name="java.vendor.url" value="http://java.oracle.com/"/>
    <property name="user.timezone" value="America/Chicago"/>
    <property name="java.vm.specification.version" value="1.8"/>
    <property name="os.name" value="Windows 10"/>
    <property name="user.country" value="US"/>
    <property name="sun.java.launcher" value="SUN_STANDARD"/>
    <property name="sun.boot.library.path" value="C:\Program Files\Java\jdk1.8.0_301\jre\bin"/>
    <property name="sun.java.command" value="C:\Users\jymmm\AppData\Local\Temp\surefire4338161062608159261\surefirebooter3919484530117406504.jar C:\Users\jymmm\AppData\Local\Temp\surefire4338161062608159261 2021-11-15T14-19-28_544-jvmRun1 surefire2838892647521071495tmp surefire_05871385887369271846tmp"/>
    <property name="surefire.test.class.path" value="D:\Curriculum-211018-Jymm\jymm-repository\Project-0\bank-accounts\target\test-classes;D:\Curriculum-211018-Jymm\jymm-repository\Project-0\bank-accounts\target\classes;C:\Users\jymmm\.m2\repository\io\javalin\javalin\4.0.1\javalin-4.0.1.jar;C:\Users\jymmm\.m2\repository\org\slf4j\slf4j-api\1.7.31\slf4j-api-1.7.31.jar;C:\Users\jymmm\.m2\repository\org\eclipse\jetty\jetty-server\9.4.43.v20210629\jetty-server-9.4.43.v20210629.jar;C:\Users\jymmm\.m2\repository\javax\servlet\javax.servlet-api\3.1.0\javax.servlet-api-3.1.0.jar;C:\Users\jymmm\.m2\repository\org\eclipse\jetty\jetty-http\9.4.43.v20210629\jetty-http-9.4.43.v20210629.jar;C:\Users\jymmm\.m2\repository\org\eclipse\jetty\jetty-util\9.4.43.v20210629\jetty-util-9.4.43.v20210629.jar;C:\Users\jymmm\.m2\repository\org\eclipse\jetty\jetty-io\9.4.43.v20210629\jetty-io-9.4.43.v20210629.jar;C:\Users\jymmm\.m2\repository\org\eclipse\jetty\jetty-webapp\9.4.43.v20210629\jetty-webapp-9.4.43.v20210629.jar;C:\Users\jymmm\.m2\repository\org\eclipse\jetty\jetty-xml\9.4.43.v20210629\jetty-xml-9.4.43.v20210629.jar;C:\Users\jymmm\.m2\repository\org\eclipse\jetty\jetty-servlet\9.4.43.v20210629\jetty-servlet-9.4.43.v20210629.jar;C:\Users\jymmm\.m2\repository\org\eclipse\jetty\jetty-security\9.4.43.v20210629\jetty-security-9.4.43.v20210629.jar;C:\Users\jymmm\.m2\repository\org\eclipse\jetty\jetty-util-ajax\9.4.43.v20210629\jetty-util-ajax-9.4.43.v20210629.jar;C:\Users\jymmm\.m2\repository\org\eclipse\jetty\websocket\websocket-server\9.4.43.v20210629\websocket-server-9.4.43.v20210629.jar;C:\Users\jymmm\.m2\repository\org\eclipse\jetty\websocket\websocket-common\9.4.43.v20210629\websocket-common-9.4.43.v20210629.jar;C:\Users\jymmm\.m2\repository\org\eclipse\jetty\websocket\websocket-api\9.4.43.v20210629\websocket-api-9.4.43.v20210629.jar;C:\Users\jymmm\.m2\repository\org\eclipse\jetty\websocket\websocket-client\9.4.43.v20210629\websocket-client-9.4.43.v20210629.jar;C:\Users\jymmm\.m2\repository\org\eclipse\jetty\jetty-client\9.4.43.v20210629\jetty-client-9.4.43.v20210629.jar;C:\Users\jymmm\.m2\repository\org\eclipse\jetty\websocket\websocket-servlet\9.4.43.v20210629\websocket-servlet-9.4.43.v20210629.jar;C:\Users\jymmm\.m2\repository\org\jetbrains\kotlin\kotlin-stdlib-jdk8\1.5.31\kotlin-stdlib-jdk8-1.5.31.jar;C:\Users\jymmm\.m2\repository\org\jetbrains\kotlin\kotlin-stdlib\1.5.31\kotlin-stdlib-1.5.31.jar;C:\Users\jymmm\.m2\repository\org\jetbrains\annotations\13.0\annotations-13.0.jar;C:\Users\jymmm\.m2\repository\org\jetbrains\kotlin\kotlin-stdlib-common\1.5.31\kotlin-stdlib-common-1.5.31.jar;C:\Users\jymmm\.m2\repository\org\jetbrains\kotlin\kotlin-stdlib-jdk7\1.5.31\kotlin-stdlib-jdk7-1.5.31.jar;C:\Users\jymmm\.m2\repository\ch\qos\logback\logback-classic\1.2.6\logback-classic-1.2.6.jar;C:\Users\jymmm\.m2\repository\ch\qos\logback\logback-core\1.2.6\logback-core-1.2.6.jar;C:\Users\jymmm\.m2\repository\org\junit\jupiter\junit-jupiter-api\5.8.1\junit-jupiter-api-5.8.1.jar;C:\Users\jymmm\.m2\repository\org\opentest4j\opentest4j\1.2.0\opentest4j-1.2.0.jar;C:\Users\jymmm\.m2\repository\org\junit\platform\junit-platform-commons\1.8.1\junit-platform-commons-1.8.1.jar;C:\Users\jymmm\.m2\repository\org\apiguardian\apiguardian-api\1.1.2\apiguardian-api-1.1.2.jar;C:\Users\jymmm\.m2\repository\org\postgresql\postgresql\42.2.18\postgresql-42.2.18.jar;C:\Users\jymmm\.m2\repository\org\checkerframework\checker-qual\3.5.0\checker-qual-3.5.0.jar;C:\Users\jymmm\.m2\repository\com\fasterxml\jackson\core\jackson-databind\2.12.4\jackson-databind-2.12.4.jar;C:\Users\jymmm\.m2\repository\com\fasterxml\jackson\core\jackson-annotations\2.12.4\jackson-annotations-2.12.4.jar;C:\Users\jymmm\.m2\repository\com\fasterxml\jackson\core\jackson-core\2.12.4\jackson-core-2.12.4.jar;C:\Users\jymmm\.m2\repository\org\mockito\mockito-core\4.0.0\mockito-core-4.0.0.jar;C:\Users\jymmm\.m2\repository\net\bytebuddy\byte-buddy\1.11.19\byte-buddy-1.11.19.jar;C:\Users\jymmm\.m2\repository\net\bytebuddy\byte-buddy-agent\1.11.19\byte-buddy-agent-1.11.19.jar;C:\Users\jymmm\.m2\repository\org\objenesis\objenesis\3.2\objenesis-3.2.jar;"/>
    <property name="sun.cpu.endian" value="little"/>
    <property name="user.home" value="C:\Users\jymmm"/>
    <property name="user.language" value="en"/>
    <property name="java.specification.vendor" value="Oracle Corporation"/>
    <property name="java.home" value="C:\Program Files\Java\jdk1.8.0_301\jre"/>
    <property name="basedir" value="D:\Curriculum-211018-Jymm\jymm-repository\Project-0\bank-accounts"/>
    <property name="file.separator" value="\"/>
    <property name="line.separator" value="&#10;"/>
    <property name="java.vm.specification.vendor" value="Oracle Corporation"/>
    <property name="java.specification.name" value="Java Platform API Specification"/>
    <property name="java.awt.graphicsenv" value="sun.awt.Win32GraphicsEnvironment"/>
    <property name="surefire.real.class.path" value="C:\Users\jymmm\AppData\Local\Temp\surefire4338161062608159261\surefirebooter3919484530117406504.jar"/>
    <property name="sun.boot.class.path" value="C:\Program Files\Java\jdk1.8.0_301\jre\lib\resources.jar;C:\Program Files\Java\jdk1.8.0_301\jre\lib\rt.jar;C:\Program Files\Java\jdk1.8.0_301\jre\lib\sunrsasign.jar;C:\Program Files\Java\jdk1.8.0_301\jre\lib\jsse.jar;C:\Program Files\Java\jdk1.8.0_301\jre\lib\jce.jar;C:\Program Files\Java\jdk1.8.0_301\jre\lib\charsets.jar;C:\Program Files\Java\jdk1.8.0_301\jre\lib\jfr.jar;C:\Program Files\Java\jdk1.8.0_301\jre\classes"/>
    <property name="user.script" value=""/>
    <property name="sun.management.compiler" value="HotSpot 64-Bit Tiered Compilers"/>
    <property name="java.runtime.version" value="1.8.0_301-b09"/>
    <property name="user.name" value="jymmm"/>
    <property name="path.separator" value=";"/>
    <property name="os.version" value="10.0"/>
    <property name="java.endorsed.dirs" value="C:\Program Files\Java\jdk1.8.0_301\jre\lib\endorsed"/>
    <property name="java.runtime.name" value="Java(TM) SE Runtime Environment"/>
    <property name="file.encoding" value="Cp1252"/>
    <property name="java.vm.name" value="Java HotSpot(TM) 64-Bit Server VM"/>
    <property name="localRepository" value="C:\Users\jymmm\.m2\repository"/>
    <property name="java.vendor.url.bug" value="http://bugreport.sun.com/bugreport/"/>
    <property name="java.io.tmpdir" value="C:\Users\jymmm\AppData\Local\Temp\"/>
    <property name="java.version" value="1.8.0_301"/>
    <property name="user.dir" value="D:\Curriculum-211018-Jymm\jymm-repository\Project-0\bank-accounts"/>
    <property name="os.arch" value="amd64"/>
    <property name="java.vm.specification.name" value="Java Virtual Machine Specification"/>
    <property name="java.awt.printerjob" value="sun.awt.windows.WPrinterJob"/>
    <property name="sun.os.patch.level" value=""/>
    <property name="java.library.path" value="C:\Program Files\Java\jdk1.8.0_301\jre\bin;C:\WINDOWS\Sun\Java\bin;C:\WINDOWS\system32;C:\WINDOWS;C:\Users\jymmm\bin;C:\Program Files\Git\mingw64\bin;C:\Program Files\Git\usr\local\bin;C:\Program Files\Git\usr\bin;C:\Program Files\Git\usr\bin;C:\Program Files\Git\mingw64\bin;C:\Program Files\Git\usr\bin;C:\Users\jymmm\bin;C:\Program Files\Eclipse Foundation\jdk-16.0.2.7-hotspot\bin;C:\Program Files (x86)\Common Files\Oracle\Java\javapath;C:\ProgramData\Oracle\Java\javapath;C:\Program Files (x86)\Intel\Intel(R) Management Engine Components\iCLS;C:\Program Files\Intel\Intel(R) Management Engine Components\iCLS;C:\Windows\system32;C:\Windows;C:\Windows\System32\Wbem;C:\Windows\System32\WindowsPowerShell\v1.0;C:\Windows\System32\OpenSSH;C:\Program Files (x86)\Intel\Intel(R) Management Engine Components\DAL;C:\Program Files\Intel\Intel(R) Management Engine Components\DAL;C:\Program Files (x86)\Intel\Intel(R) Management Engine Components\IPT;C:\Program Files\Intel\Intel(R) Management Engine Components\IPT;C:\Program Files (x86)\NVIDIA Corporation\PhysX\Common;C:\Program Files\NVIDIA Corporation\NVIDIA NvDLISR;C:\Program Files\dotnet;C:\Program Files\Microsoft SQL Server\130\Tools\Binn;C:\WINDOWS\system32;C:\WINDOWS;C:\WINDOWS\System32\Wbem;C:\WINDOWS\System32\WindowsPowerShell\v1.0;C:\WINDOWS\System32\OpenSSH;C:\Program Files\Common Files\Autodesk Shared;C:\Program Files (x86)\Autodesk\Backburner;C:\WINDOWS\system32;C:\WINDOWS;C:\WINDOWS\System32\Wbem;C:\WINDOWS\System32\WindowsPowerShell\v1.0;C:\WINDOWS\System32\OpenSSH;C:\Program Files\Git\cmd;C:\Program Files\Java\jdk1.8.0_301\bin;C:\Maven\apache-maven-3.8.2\bin;C:\Users\jymmm\scoop\apps\maven\current\bin;C:\Users\jymmm\scoop\shims;C:\Users\jymmm\AppData\Local\Microsoft\WindowsApps;C:\Users\jymmm\AppData\Local\Programs\Microsoft VS Code\bin;C:\Program Files\Git\usr\bin\vendor_perl;C:\Program Files\Git\usr\bin\core_perl;."/>
    <property name="java.vm.info" value="mixed mode"/>
    <property name="java.vendor" value="Oracle Corporation"/>
    <property name="java.vm.version" value="25.301-b09"/>
    <property name="java.ext.dirs" value="C:\Program Files\Java\jdk1.8.0_301\jre\lib\ext;C:\WINDOWS\Sun\Java\lib\ext"/>
    <property name="sun.io.unicode.encoding" value="UnicodeLittle"/>
    <property name="java.class.version" value="52.0"/>
  </properties>
  <testcase name="testEditBankAccountPositive" classname="com.revature.service.BankAccountsServiceTest" time="0.553">
    <system-out><![CDATA[15 Nov 2021 - 14:19:30.316 [main] INFO  c.r.service.BankAccountsService - invoked editBankAccount() method
15 Nov 2021 - 14:19:30.318 [main] INFO  c.r.service.BankAccountsService - invoked validateFields() method
]]></system-out>
  </testcase>
  <testcase name="testValidateFieldsPositive" classname="com.revature.service.BankAccountsServiceTest" time="0.022"/>
  <testcase name="testGetBankAccountPositive" classname="com.revature.service.BankAccountsServiceTest" time="0.001">
    <system-out><![CDATA[15 Nov 2021 - 14:19:30.355 [main] INFO  c.r.service.BankAccountsService - invoked getBankAccount() method
]]></system-out>
  </testcase>
  <testcase name="testValidateFieldsBankAccountNumberEmptyAllFieldsPositive" classname="com.revature.service.BankAccountsServiceTest" time="0.003">
    <system-out><![CDATA[15 Nov 2021 - 14:19:30.358 [main] INFO  c.r.service.BankAccountsService - invoked validateFields() method
15 Nov 2021 - 14:19:30.359 [main] WARN  c.r.service.BankAccountsService - InvalidInputException was thrown: Bank Account No/Bank Account Type/Amount cannot be empty!
]]></system-out>
  </testcase>
  <testcase name="testValidateFieldsAmountEmptyAllFieldsPositive" classname="com.revature.service.BankAccountsServiceTest" time="0.001">
    <system-out><![CDATA[15 Nov 2021 - 14:19:30.360 [main] INFO  c.r.service.BankAccountsService - invoked validateFields() method
15 Nov 2021 - 14:19:30.360 [main] WARN  c.r.service.BankAccountsService - InvalidInputException was thrown: Amount must be greater than 0 only!
]]></system-out>
  </testcase>
  <testcase name="testValidateFieldsBankAccountTypeNotValid" classname="com.revature.service.BankAccountsServiceTest" time="0.001">
    <system-out><![CDATA[15 Nov 2021 - 14:19:30.361 [main] INFO  c.r.service.BankAccountsService - invoked validateFields() method
15 Nov 2021 - 14:19:30.362 [main] WARN  c.r.service.BankAccountsService - InvalidInputException was thrown: Bank Account Type must be either 'Checkings' OR 'Savings'!
15 Nov 2021 - 14:19:30.362 [main] INFO  c.r.service.BankAccountsService - invoked validateFields() method
15 Nov 2021 - 14:19:30.362 [main] WARN  c.r.service.BankAccountsService - InvalidInputException was thrown: Bank Account Type must be either 'Checkings' OR 'Savings'!
]]></system-out>
  </testcase>
  <testcase name="testGetBankAccountClientIdAndAccountIdIsNotValid" classname="com.revature.service.BankAccountsServiceTest" time="0.001">
    <system-out><![CDATA[15 Nov 2021 - 14:19:30.363 [main] INFO  c.r.service.BankAccountsService - invoked getBankAccount() method
15 Nov 2021 - 14:19:30.363 [main] WARN  c.r.service.BankAccountsService - InvalidInputException was thrown: Entered id cannot be converted to int value!
]]></system-out>
  </testcase>
  <testcase name="testGetBankAccountClientIdContainsWhiteSpaceAccountIdIsValid" classname="com.revature.service.BankAccountsServiceTest" time="0.002">
    <system-out><![CDATA[15 Nov 2021 - 14:19:30.365 [main] INFO  c.r.service.BankAccountsService - invoked getBankAccount() method
15 Nov 2021 - 14:19:30.365 [main] WARN  c.r.service.BankAccountsService - InvalidInputException was thrown: Entered id cannot be converted to int value!
]]></system-out>
  </testcase>
  <testcase name="testAddBankAccountPositive" classname="com.revature.service.BankAccountsServiceTest" time="0.002">
    <system-out><![CDATA[15 Nov 2021 - 14:19:30.367 [main] INFO  c.r.service.BankAccountsService - invoked addBankAccount() method
15 Nov 2021 - 14:19:30.367 [main] INFO  c.r.service.BankAccountsService - invoked validateFields() method
]]></system-out>
  </testcase>
  <testcase name="testGetBankAccountClientIdIsNotValidAccountIdIsValid" classname="com.revature.service.BankAccountsServiceTest" time="0.002">
    <system-out><![CDATA[15 Nov 2021 - 14:19:30.370 [main] INFO  c.r.service.BankAccountsService - invoked getBankAccount() method
15 Nov 2021 - 14:19:30.371 [main] WARN  c.r.service.BankAccountsService - InvalidInputException was thrown: Entered id cannot be converted to int value!
]]></system-out>
  </testcase>
  <testcase name="testEditBankAccountClientIdNotValidAccountIdValid" classname="com.revature.service.BankAccountsServiceTest" time="0.003">
    <system-out><![CDATA[15 Nov 2021 - 14:19:30.373 [main] INFO  c.r.service.BankAccountsService - invoked editBankAccount() method
15 Nov 2021 - 14:19:30.374 [main] INFO  c.r.service.BankAccountsService - invoked validateFields() method
15 Nov 2021 - 14:19:30.374 [main] WARN  c.r.service.BankAccountsService - InvalidInputException was thrown: Entered id cannot be converted to int value!
]]></system-out>
  </testcase>
  <testcase name="testValidateFieldsAmountLessThanOrEqualsZero" classname="com.revature.service.BankAccountsServiceTest" time="0.002">
    <system-out><![CDATA[15 Nov 2021 - 14:19:30.377 [main] INFO  c.r.service.BankAccountsService - invoked validateFields() method
15 Nov 2021 - 14:19:30.378 [main] WARN  c.r.service.BankAccountsService - InvalidInputException was thrown: Amount must be greater than 0 only!
]]></system-out>
  </testcase>
  <testcase name="testEditBankAccountClientIdValidAccountIdNotValid" classname="com.revature.service.BankAccountsServiceTest" time="0.001">
    <system-out><![CDATA[15 Nov 2021 - 14:19:30.380 [main] INFO  c.r.service.BankAccountsService - invoked editBankAccount() method
15 Nov 2021 - 14:19:30.380 [main] INFO  c.r.service.BankAccountsService - invoked validateFields() method
15 Nov 2021 - 14:19:30.380 [main] WARN  c.r.service.BankAccountsService - InvalidInputException was thrown: Entered id cannot be converted to int value!
]]></system-out>
  </testcase>
  <testcase name="testAddBankAccountValidateFieldsReturnsNull" classname="com.revature.service.BankAccountsServiceTest" time="0.002">
    <system-out><![CDATA[15 Nov 2021 - 14:19:30.381 [main] INFO  c.r.service.BankAccountsService - invoked addBankAccount() method
15 Nov 2021 - 14:19:30.381 [main] INFO  c.r.service.BankAccountsService - invoked validateFields() method
]]></system-out>
  </testcase>
  <testcase name="testGetBankAccountClientIdIsValidAccountIdIsNotValid" classname="com.revature.service.BankAccountsServiceTest" time="0.002">
    <system-out><![CDATA[15 Nov 2021 - 14:19:30.383 [main] INFO  c.r.service.BankAccountsService - invoked getBankAccount() method
15 Nov 2021 - 14:19:30.384 [main] WARN  c.r.service.BankAccountsService - InvalidInputException was thrown: Entered id cannot be converted to int value!
]]></system-out>
  </testcase>
  <testcase name="testEditBankAccountUpdateDTOIsNullEverythingIsValid" classname="com.revature.service.BankAccountsServiceTest" time="0.001">
    <system-out><![CDATA[15 Nov 2021 - 14:19:30.385 [main] INFO  c.r.service.BankAccountsService - invoked editBankAccount() method
15 Nov 2021 - 14:19:30.386 [main] INFO  c.r.service.BankAccountsService - invoked validateFields() method
]]></system-out>
  </testcase>
  <testcase name="testGetBankAccountClientIdFoundButNoExistingBankAccount" classname="com.revature.service.BankAccountsServiceTest" time="0.001">
    <system-out><![CDATA[15 Nov 2021 - 14:19:30.387 [main] INFO  c.r.service.BankAccountsService - invoked getBankAccount() method
15 Nov 2021 - 14:19:30.388 [main] WARN  c.r.service.BankAccountsService - BankAccountNotFoundException was thrown: Client doesn't have any existing bank account id
]]></system-out>
  </testcase>
  <testcase name="testEditBankAccountBothClientIdAndAccountIdNotValid" classname="com.revature.service.BankAccountsServiceTest" time="0.001">
    <system-out><![CDATA[15 Nov 2021 - 14:19:30.389 [main] INFO  c.r.service.BankAccountsService - invoked editBankAccount() method
15 Nov 2021 - 14:19:30.390 [main] INFO  c.r.service.BankAccountsService - invoked validateFields() method
15 Nov 2021 - 14:19:30.390 [main] WARN  c.r.service.BankAccountsService - InvalidInputException was thrown: Entered id cannot be converted to int value!
]]></system-out>
  </testcase>
  <testcase name="testGetBankAccountClientIdIsValidAccountIdContainsWhiteSpace" classname="com.revature.service.BankAccountsServiceTest" time="0.001">
    <system-out><![CDATA[15 Nov 2021 - 14:19:30.391 [main] INFO  c.r.service.BankAccountsService - invoked getBankAccount() method
15 Nov 2021 - 14:19:30.391 [main] WARN  c.r.service.BankAccountsService - InvalidInputException was thrown: Entered id cannot be converted to int value!
]]></system-out>
  </testcase>
  <testcase name="testValidateFieldsAmountContainsAlphabet" classname="com.revature.service.BankAccountsServiceTest" time="0.001">
    <system-out><![CDATA[15 Nov 2021 - 14:19:30.392 [main] INFO  c.r.service.BankAccountsService - invoked validateFields() method
15 Nov 2021 - 14:19:30.392 [main] WARN  c.r.service.BankAccountsService - InvalidInputException was thrown: Amount can only be of int or double value!
]]></system-out>
  </testcase>
  <testcase name="testValidateFieldsBankAccountTypeEmptyAllFieldsPositive" classname="com.revature.service.BankAccountsServiceTest" time="0.001">
    <system-out><![CDATA[15 Nov 2021 - 14:19:30.393 [main] INFO  c.r.service.BankAccountsService - invoked validateFields() method
15 Nov 2021 - 14:19:30.394 [main] WARN  c.r.service.BankAccountsService - InvalidInputException was thrown: Bank Account No/Bank Account Type/Amount cannot be empty!
]]></system-out>
  </testcase>
  <testcase name="testGetBankAccountClientIdAndAccountIdContainsWhiteSpace" classname="com.revature.service.BankAccountsServiceTest" time="0.002">
    <system-out><![CDATA[15 Nov 2021 - 14:19:30.395 [main] INFO  c.r.service.BankAccountsService - invoked getBankAccount() method
15 Nov 2021 - 14:19:30.395 [main] WARN  c.r.service.BankAccountsService - InvalidInputException was thrown: Entered id cannot be converted to int value!
]]></system-out>
  </testcase>
</testsuite>